Performing C SOURCE FILE Test CMAKE_HAVE_LIBC_PTHREAD failed with the following output:
Change Dir: /home/pku/yuxd/bond/PKMUON_G4sim/DM_step2/build/CMakeFiles/CMakeTmp

Run Build Command(s):/usr/bin/gmake -f Makefile cmTC_ab7bb/fast && /usr/bin/gmake  -f CMakeFiles/cmTC_ab7bb.dir/build.make CMakeFiles/cmTC_ab7bb.dir/build
gmake[1]: 进入目录“/data/bond/yuxd/PKMUON_G4sim/DM_step2/build/CMakeFiles/CMakeTmp”
Building C object CMakeFiles/cmTC_ab7bb.dir/src.c.o
/home/pku/yuxd/bond/gcc-12.2.0/bin/gcc -DCMAKE_HAVE_LIBC_PTHREAD   -o CMakeFiles/cmTC_ab7bb.dir/src.c.o -c /home/pku/yuxd/bond/PKMUON_G4sim/DM_step2/build/CMakeFiles/CMakeTmp/src.c
Linking C executable cmTC_ab7bb
/data/bond/yuxd/miniconda3/bin/cmake -E cmake_link_script CMakeFiles/cmTC_ab7bb.dir/link.txt --verbose=1
/home/pku/yuxd/bond/gcc-12.2.0/bin/gcc CMakeFiles/cmTC_ab7bb.dir/src.c.o -o cmTC_ab7bb 
CMakeFiles/cmTC_ab7bb.dir/src.c.o：在函数‘main’中：
src.c:(.text+0x2d)：对‘pthread_create’未定义的引用
src.c:(.text+0x39)：对‘pthread_detach’未定义的引用
src.c:(.text+0x45)：对‘pthread_cancel’未定义的引用
src.c:(.text+0x56)：对‘pthread_join’未定义的引用
src.c:(.text+0x6a)：对‘pthread_atfork’未定义的引用
collect2: 错误：ld 返回 1
gmake[1]: *** [cmTC_ab7bb] 错误 1
gmake[1]: 离开目录“/data/bond/yuxd/PKMUON_G4sim/DM_step2/build/CMakeFiles/CMakeTmp”
gmake: *** [cmTC_ab7bb/fast] 错误 2


Source file was:
#include <pthread.h>

static void* test_func(void* data)
{
  return data;
}

int main(void)
{
  pthread_t thread;
  pthread_create(&thread, NULL, test_func, NULL);
  pthread_detach(thread);
  pthread_cancel(thread);
  pthread_join(thread, NULL);
  pthread_atfork(NULL, NULL, NULL);
  pthread_exit(NULL);

  return 0;
}

